15:26:01 **** Build of configuration Debug for project Queue ****
make all 
Building file: ../src/Queue.cpp
Invoking: Cross G++ Compiler
g++ -O0 -g3 -Wall -c -fmessage-length=0 -MMD -MP -MF"src/Queue.d" -MT"src/Queue.d" -o "src/Queue.o" "../src/Queue.cpp"
Finished building: ../src/Queue.cpp
 
Building target: Queue
Invoking: Cross G++ Linker
g++  -o "Queue"  ./src/Queue.o   
Finished building target: Queue
 
15:26:08 **** Incremental Build of configuration Debug for project Queue ****
make all 
make: Nothing to be done for 'all'.
15:26:40 **** Incremental Build of configuration Debug for project Queue ****
make all 
Building file: ../src/Queue.cpp
Invoking: Cross G++ Compiler
g++ -O0 -g3 -Wall -c -fmessage-length=0 -MMD -MP -MF"src/Queue.d" -MT"src/Queue.d" -o "src/Queue.o" "../src/Queue.cpp"
Finished building: ../src/Queue.cpp
 
Building target: Queue
Invoking: Cross G++ Linker
g++  -o "Queue"  ./src/Queue.o   
Finished building target: Queue
 
15:26:41 **** Incremental Build of configuration Debug for project Queue ****
make all 
make: Nothing to be done for 'all'.
15:30:41 **** Incremental Build of configuration Debug for project Queue ****
make all 
Building file: ../src/Queue.cpp
Invoking: Cross G++ Compiler
g++ -O0 -g3 -Wall -c -fmessage-length=0 -MMD -MP -MF"src/Queue.d" -MT"src/Queue.d" -o "src/Queue.o" "../src/Queue.cpp"
Finished building: ../src/Queue.cpp
 
Building target: Queue
Invoking: Cross G++ Linker
g++  -o "Queue"  ./src/Queue.o   
Finished building target: Queue
 
15:30:42 **** Incremental Build of configuration Debug for project Queue ****
make all 
make: Nothing to be done for 'all'.
15:53:17 **** Incremental Build of configuration Debug for project Queue ****
make all 
make: Nothing to be done for 'all'.
15:53:19 **** Incremental Build of configuration Debug for project Queue ****
make all 
make: Nothing to be done for 'all'.
15:53:57 **** Incremental Build of configuration Debug for project Queue ****
make all 
Building file: ../src/Queue.cpp
Invoking: Cross G++ Compiler
g++ -O0 -g3 -Wall -c -fmessage-length=0 -MMD -MP -MF"src/Queue.d" -MT"src/Queue.d" -o "src/Queue.o" "../src/Queue.cpp"
Finished building: ../src/Queue.cpp
 
Building target: Queue
Invoking: Cross G++ Linker
g++  -o "Queue"  ./src/Queue.o   
Finished building target: Queue
 
15:54:04 **** Incremental Build of configuration Debug for project Queue ****
make all 
Building file: ../src/Queue.cpp
Invoking: Cross G++ Compiler
g++ -O0 -g3 -Wall -c -fmessage-length=0 -MMD -MP -MF"src/Queue.d" -MT"src/Queue.d" -o "src/Queue.o" "../src/Queue.cpp"
Finished building: ../src/Queue.cpp
 
Building target: Queue
Invoking: Cross G++ Linker
g++  -o "Queue"  ./src/Queue.o   
Finished building target: Queue
 
15:54:06 **** Incremental Build of configuration Debug for project Queue ****
make all 
make: Nothing to be done for 'all'.
15:54:18 **** Incremental Build of configuration Debug for project Queue ****
make all 
Building file: ../src/Queue.cpp
Invoking: Cross G++ Compiler
g++ -O0 -g3 -Wall -c -fmessage-length=0 -MMD -MP -MF"src/Queue.d" -MT"src/Queue.d" -o "src/Queue.o" "../src/Queue.cpp"
Finished building: ../src/Queue.cpp
 
Building target: Queue
Invoking: Cross G++ Linker
g++  -o "Queue"  ./src/Queue.o   
Finished building target: Queue
 
15:54:21 **** Incremental Build of configuration Debug for project Queue ****
make all 
make: Nothing to be done for 'all'.
15:55:44 **** Incremental Build of configuration Debug for project Queue ****
make all 
Building file: ../src/Queue.cpp
Invoking: Cross G++ Compiler
g++ -O0 -g3 -Wall -c -fmessage-length=0 -MMD -MP -MF"src/Queue.d" -MT"src/Queue.d" -o "src/Queue.o" "../src/Queue.cpp"
Finished building: ../src/Queue.cpp
 
Building target: Queue
Invoking: Cross G++ Linker
g++  -o "Queue"  ./src/Queue.o   
Finished building target: Queue
 
15:55:53 **** Incremental Build of configuration Debug for project Queue ****
make all 
make: Nothing to be done for 'all'.
15:55:58 **** Incremental Build of configuration Debug for project Queue ****
make all 
make: Nothing to be done for 'all'.
